2025-06-27 17:01:55,836 - INFO - Running parser to get request URLs.
2025-06-27 17:01:55,839 - INFO - Running filter on new RSS feed and Wayback Machine snapshots.
2025-06-27 17:01:56,212 - INFO - Running data base creation and csv exportation.
2025-06-27 17:01:56,212 - DEBUG - Fetching: https://feeds.bbci.co.uk/news/uk/rss.xml
2025-06-27 17:01:56,212 - INFO - Fetching historical documents...
2025-06-27 17:01:56,212 - ERROR - Skipping https://feeds.bbci.co.uk/news/uk/rss.xml due to 'bool' object has no attribute 'fetch_historical_documents'
2025-06-27 17:01:56,212 - DEBUG - Fetching: https://feeds.bbci.co.uk/news/world/rss.xml
2025-06-27 17:01:56,212 - INFO - Fetching historical documents...
2025-06-27 17:01:56,212 - ERROR - Skipping https://feeds.bbci.co.uk/news/world/rss.xml due to 'bool' object has no attribute 'fetch_historical_documents'
2025-06-27 17:01:56,212 - DEBUG - Fetching: https://feeds.bbci.co.uk/news/health/rss.xml
2025-06-27 17:01:56,212 - INFO - Fetching historical documents...
2025-06-27 17:01:56,212 - ERROR - Skipping https://feeds.bbci.co.uk/news/health/rss.xml due to 'bool' object has no attribute 'fetch_historical_documents'
2025-06-27 17:01:56,212 - DEBUG - Fetching: https://feeds.bbci.co.uk/news/world/us_and_canada/rss.xml
2025-06-27 17:01:56,212 - INFO - Fetching historical documents...
2025-06-27 17:01:56,212 - ERROR - Skipping https://feeds.bbci.co.uk/news/world/us_and_canada/rss.xml due to 'bool' object has no attribute 'fetch_historical_documents'
2025-06-27 17:01:56,212 - DEBUG - Fetching: https://www.cbc.ca/webfeed/rss/rss-canada
2025-06-27 17:01:56,212 - INFO - Fetching historical documents...
2025-06-27 17:01:56,212 - ERROR - Skipping https://www.cbc.ca/webfeed/rss/rss-canada due to 'bool' object has no attribute 'fetch_historical_documents'
2025-06-27 17:01:56,212 - DEBUG - Fetching: https://www.aljazeera.com/xml/rss/all.xml
2025-06-27 17:01:56,212 - INFO - Fetching historical documents...
2025-06-27 17:01:56,212 - ERROR - Skipping https://www.aljazeera.com/xml/rss/all.xml due to 'bool' object has no attribute 'fetch_historical_documents'
2025-06-27 17:01:56,212 - DEBUG - Fetching: https://abcnews.go.com/abcnews/topstories
2025-06-27 17:01:56,212 - INFO - Fetching historical documents...
2025-06-27 17:01:56,212 - ERROR - Skipping https://abcnews.go.com/abcnews/topstories due to 'bool' object has no attribute 'fetch_historical_documents'
2025-06-27 17:01:56,212 - DEBUG - Fetching: https://abcnews.go.com/abcnews/technologyheadlines
2025-06-27 17:01:56,212 - INFO - Fetching historical documents...
2025-06-27 17:01:56,212 - ERROR - Skipping https://abcnews.go.com/abcnews/technologyheadlines due to 'bool' object has no attribute 'fetch_historical_documents'
2025-06-27 17:01:56,212 - DEBUG - Fetching: https://www.nippon.com/en/rss-all/
2025-06-27 17:01:56,212 - INFO - Fetching historical documents...
2025-06-27 17:01:56,212 - ERROR - Skipping https://www.nippon.com/en/rss-all/ due to 'bool' object has no attribute 'fetch_historical_documents'
2025-06-27 17:01:56,212 - DEBUG - Fetching: https://www.abc.net.au/news/feed/2942460/rss.xml
2025-06-27 17:01:56,212 - INFO - Fetching historical documents...
2025-06-27 17:01:56,212 - ERROR - Skipping https://www.abc.net.au/news/feed/2942460/rss.xml due to 'bool' object has no attribute 'fetch_historical_documents'
2025-06-27 17:01:56,212 - DEBUG - Fetching: https://www.abc.net.au/news/feed/45924/rss.xml
2025-06-27 17:01:56,212 - INFO - Fetching historical documents...
2025-06-27 17:01:56,212 - ERROR - Skipping https://www.abc.net.au/news/feed/45924/rss.xml due to 'bool' object has no attribute 'fetch_historical_documents'
2025-06-27 17:01:56,212 - DEBUG - Fetching: https://www.abc.net.au/local/rss/sydney/news.xml
2025-06-27 17:01:56,212 - INFO - Fetching historical documents...
2025-06-27 17:01:56,212 - ERROR - Skipping https://www.abc.net.au/local/rss/sydney/news.xml due to 'bool' object has no attribute 'fetch_historical_documents'
2025-06-27 17:01:56,212 - DEBUG - Fetching: https://mexiconewsdaily.com/feed/
2025-06-27 17:01:56,212 - INFO - Fetching historical documents...
2025-06-27 17:01:56,212 - ERROR - Skipping https://mexiconewsdaily.com/feed/ due to 'bool' object has no attribute 'fetch_historical_documents'
2025-06-27 17:01:56,213 - DEBUG - Fetching: https://timesofindia.indiatimes.com/rssfeedstopstories.cms
2025-06-27 17:01:56,213 - INFO - Fetching historical documents...
2025-06-27 17:01:56,213 - ERROR - Skipping https://timesofindia.indiatimes.com/rssfeedstopstories.cms due to 'bool' object has no attribute 'fetch_historical_documents'
2025-06-27 17:01:56,213 - DEBUG - Fetching: https://timesofindia.indiatimes.com/rssfeeds/-2128936835.cms
2025-06-27 17:01:56,213 - INFO - Fetching historical documents...
2025-06-27 17:01:56,213 - ERROR - Skipping https://timesofindia.indiatimes.com/rssfeeds/-2128936835.cms due to 'bool' object has no attribute 'fetch_historical_documents'
2025-06-27 17:01:56,213 - DEBUG - Fetching: https://timesofindia.indiatimes.com/rssfeeds/54829575.cms
2025-06-27 17:01:56,213 - INFO - Fetching historical documents...
2025-06-27 17:01:56,213 - ERROR - Skipping https://timesofindia.indiatimes.com/rssfeeds/54829575.cms due to 'bool' object has no attribute 'fetch_historical_documents'
2025-06-27 17:01:56,213 - DEBUG - Fetching: https://www.france24.com/en/france/rss
2025-06-27 17:01:56,213 - INFO - Fetching historical documents...
2025-06-27 17:01:56,213 - ERROR - Skipping https://www.france24.com/en/france/rss due to 'bool' object has no attribute 'fetch_historical_documents'
2025-06-27 17:04:26,934 - INFO - Running parser to get request URLs.
2025-06-27 17:04:26,937 - INFO - Running filter on new RSS feed and Wayback Machine snapshots.
2025-06-27 17:04:27,287 - INFO - Running data base creation and csv exportation.
2025-06-27 17:04:27,287 - DEBUG - Fetching: https://feeds.bbci.co.uk/news/uk/rss.xml
2025-06-27 17:04:27,287 - INFO - Fetching historical documents...
2025-06-27 17:04:27,287 - ERROR - Skipping https://feeds.bbci.co.uk/news/uk/rss.xml due to 'bool' object has no attribute 'fetch_historical_documents'
2025-06-27 17:04:27,287 - DEBUG - Fetching: https://feeds.bbci.co.uk/news/world/rss.xml
2025-06-27 17:04:27,287 - INFO - Fetching historical documents...
2025-06-27 17:04:27,287 - ERROR - Skipping https://feeds.bbci.co.uk/news/world/rss.xml due to 'bool' object has no attribute 'fetch_historical_documents'
2025-06-27 17:04:27,287 - DEBUG - Fetching: https://feeds.bbci.co.uk/news/health/rss.xml
2025-06-27 17:04:27,287 - INFO - Fetching historical documents...
2025-06-27 17:04:27,287 - ERROR - Skipping https://feeds.bbci.co.uk/news/health/rss.xml due to 'bool' object has no attribute 'fetch_historical_documents'
2025-06-27 17:04:27,287 - DEBUG - Fetching: https://feeds.bbci.co.uk/news/world/us_and_canada/rss.xml
2025-06-27 17:04:27,287 - INFO - Fetching historical documents...
2025-06-27 17:04:27,287 - ERROR - Skipping https://feeds.bbci.co.uk/news/world/us_and_canada/rss.xml due to 'bool' object has no attribute 'fetch_historical_documents'
2025-06-27 17:04:27,287 - DEBUG - Fetching: https://www.cbc.ca/webfeed/rss/rss-canada
2025-06-27 17:04:27,287 - INFO - Fetching historical documents...
2025-06-27 17:04:27,287 - ERROR - Skipping https://www.cbc.ca/webfeed/rss/rss-canada due to 'bool' object has no attribute 'fetch_historical_documents'
2025-06-27 17:04:27,287 - DEBUG - Fetching: https://www.aljazeera.com/xml/rss/all.xml
2025-06-27 17:04:27,287 - INFO - Fetching historical documents...
2025-06-27 17:04:27,287 - ERROR - Skipping https://www.aljazeera.com/xml/rss/all.xml due to 'bool' object has no attribute 'fetch_historical_documents'
2025-06-27 17:04:27,287 - DEBUG - Fetching: https://abcnews.go.com/abcnews/topstories
2025-06-27 17:04:27,287 - INFO - Fetching historical documents...
2025-06-27 17:04:27,287 - ERROR - Skipping https://abcnews.go.com/abcnews/topstories due to 'bool' object has no attribute 'fetch_historical_documents'
2025-06-27 17:04:27,287 - DEBUG - Fetching: https://abcnews.go.com/abcnews/technologyheadlines
2025-06-27 17:04:27,287 - INFO - Fetching historical documents...
2025-06-27 17:04:27,287 - ERROR - Skipping https://abcnews.go.com/abcnews/technologyheadlines due to 'bool' object has no attribute 'fetch_historical_documents'
2025-06-27 17:04:27,287 - DEBUG - Fetching: https://www.nippon.com/en/rss-all/
2025-06-27 17:04:27,287 - INFO - Fetching historical documents...
2025-06-27 17:04:27,287 - ERROR - Skipping https://www.nippon.com/en/rss-all/ due to 'bool' object has no attribute 'fetch_historical_documents'
2025-06-27 17:04:27,287 - DEBUG - Fetching: https://www.abc.net.au/news/feed/2942460/rss.xml
2025-06-27 17:04:27,287 - INFO - Fetching historical documents...
2025-06-27 17:04:27,287 - ERROR - Skipping https://www.abc.net.au/news/feed/2942460/rss.xml due to 'bool' object has no attribute 'fetch_historical_documents'
2025-06-27 17:04:27,287 - DEBUG - Fetching: https://www.abc.net.au/news/feed/45924/rss.xml
2025-06-27 17:04:27,287 - INFO - Fetching historical documents...
2025-06-27 17:04:27,287 - ERROR - Skipping https://www.abc.net.au/news/feed/45924/rss.xml due to 'bool' object has no attribute 'fetch_historical_documents'
2025-06-27 17:04:27,287 - DEBUG - Fetching: https://www.abc.net.au/local/rss/sydney/news.xml
2025-06-27 17:04:27,287 - INFO - Fetching historical documents...
2025-06-27 17:04:27,287 - ERROR - Skipping https://www.abc.net.au/local/rss/sydney/news.xml due to 'bool' object has no attribute 'fetch_historical_documents'
2025-06-27 17:04:27,287 - DEBUG - Fetching: https://mexiconewsdaily.com/feed/
2025-06-27 17:04:27,287 - INFO - Fetching historical documents...
2025-06-27 17:04:27,287 - ERROR - Skipping https://mexiconewsdaily.com/feed/ due to 'bool' object has no attribute 'fetch_historical_documents'
2025-06-27 17:04:27,287 - DEBUG - Fetching: https://timesofindia.indiatimes.com/rssfeedstopstories.cms
2025-06-27 17:04:27,287 - INFO - Fetching historical documents...
2025-06-27 17:04:27,287 - ERROR - Skipping https://timesofindia.indiatimes.com/rssfeedstopstories.cms due to 'bool' object has no attribute 'fetch_historical_documents'
2025-06-27 17:04:27,287 - DEBUG - Fetching: https://timesofindia.indiatimes.com/rssfeeds/-2128936835.cms
2025-06-27 17:04:27,287 - INFO - Fetching historical documents...
2025-06-27 17:04:27,287 - ERROR - Skipping https://timesofindia.indiatimes.com/rssfeeds/-2128936835.cms due to 'bool' object has no attribute 'fetch_historical_documents'
2025-06-27 17:04:27,287 - DEBUG - Fetching: https://timesofindia.indiatimes.com/rssfeeds/54829575.cms
2025-06-27 17:04:27,287 - INFO - Fetching historical documents...
2025-06-27 17:04:27,287 - ERROR - Skipping https://timesofindia.indiatimes.com/rssfeeds/54829575.cms due to 'bool' object has no attribute 'fetch_historical_documents'
2025-06-27 17:04:27,287 - DEBUG - Fetching: https://www.france24.com/en/france/rss
2025-06-27 17:04:27,287 - INFO - Fetching historical documents...
2025-06-27 17:04:27,287 - ERROR - Skipping https://www.france24.com/en/france/rss due to 'bool' object has no attribute 'fetch_historical_documents'
2025-06-27 17:08:57,614 - INFO - Running parser to get request URLs.
2025-06-27 17:08:57,617 - INFO - Running filter on new RSS feed and Wayback Machine snapshots.
2025-06-27 17:08:57,986 - INFO - Running data base creation and csv exportation.
2025-06-27 17:08:57,986 - DEBUG - Fetching: https://feeds.bbci.co.uk/news/uk/rss.xml
2025-06-27 17:08:57,986 - INFO - Fetching historical documents...
2025-06-27 17:08:57,986 - ERROR - Skipping https://feeds.bbci.co.uk/news/uk/rss.xml due to 'bool' object has no attribute 'fetch_historical_documents'
2025-06-27 17:08:57,986 - DEBUG - Fetching: https://feeds.bbci.co.uk/news/world/rss.xml
2025-06-27 17:08:57,986 - INFO - Fetching historical documents...
2025-06-27 17:08:57,986 - ERROR - Skipping https://feeds.bbci.co.uk/news/world/rss.xml due to 'bool' object has no attribute 'fetch_historical_documents'
2025-06-27 17:08:57,986 - DEBUG - Fetching: https://feeds.bbci.co.uk/news/health/rss.xml
2025-06-27 17:08:57,986 - INFO - Fetching historical documents...
2025-06-27 17:08:57,986 - ERROR - Skipping https://feeds.bbci.co.uk/news/health/rss.xml due to 'bool' object has no attribute 'fetch_historical_documents'
2025-06-27 17:08:57,986 - DEBUG - Fetching: https://feeds.bbci.co.uk/news/world/us_and_canada/rss.xml
2025-06-27 17:08:57,986 - INFO - Fetching historical documents...
2025-06-27 17:08:57,986 - ERROR - Skipping https://feeds.bbci.co.uk/news/world/us_and_canada/rss.xml due to 'bool' object has no attribute 'fetch_historical_documents'
2025-06-27 17:08:57,986 - DEBUG - Fetching: https://www.cbc.ca/webfeed/rss/rss-canada
2025-06-27 17:08:57,986 - INFO - Fetching historical documents...
2025-06-27 17:08:57,986 - ERROR - Skipping https://www.cbc.ca/webfeed/rss/rss-canada due to 'bool' object has no attribute 'fetch_historical_documents'
2025-06-27 17:08:57,986 - DEBUG - Fetching: https://www.aljazeera.com/xml/rss/all.xml
2025-06-27 17:08:57,986 - INFO - Fetching historical documents...
2025-06-27 17:08:57,986 - ERROR - Skipping https://www.aljazeera.com/xml/rss/all.xml due to 'bool' object has no attribute 'fetch_historical_documents'
2025-06-27 17:08:57,986 - DEBUG - Fetching: https://abcnews.go.com/abcnews/topstories
2025-06-27 17:08:57,986 - INFO - Fetching historical documents...
2025-06-27 17:08:57,986 - ERROR - Skipping https://abcnews.go.com/abcnews/topstories due to 'bool' object has no attribute 'fetch_historical_documents'
2025-06-27 17:08:57,986 - DEBUG - Fetching: https://abcnews.go.com/abcnews/technologyheadlines
2025-06-27 17:08:57,986 - INFO - Fetching historical documents...
2025-06-27 17:08:57,986 - ERROR - Skipping https://abcnews.go.com/abcnews/technologyheadlines due to 'bool' object has no attribute 'fetch_historical_documents'
2025-06-27 17:08:57,986 - DEBUG - Fetching: https://www.nippon.com/en/rss-all/
2025-06-27 17:08:57,986 - INFO - Fetching historical documents...
2025-06-27 17:08:57,986 - ERROR - Skipping https://www.nippon.com/en/rss-all/ due to 'bool' object has no attribute 'fetch_historical_documents'
2025-06-27 17:08:57,986 - DEBUG - Fetching: https://www.abc.net.au/news/feed/2942460/rss.xml
2025-06-27 17:08:57,986 - INFO - Fetching historical documents...
2025-06-27 17:08:57,986 - ERROR - Skipping https://www.abc.net.au/news/feed/2942460/rss.xml due to 'bool' object has no attribute 'fetch_historical_documents'
2025-06-27 17:08:57,986 - DEBUG - Fetching: https://www.abc.net.au/news/feed/45924/rss.xml
2025-06-27 17:08:57,986 - INFO - Fetching historical documents...
2025-06-27 17:08:57,986 - ERROR - Skipping https://www.abc.net.au/news/feed/45924/rss.xml due to 'bool' object has no attribute 'fetch_historical_documents'
2025-06-27 17:08:57,986 - DEBUG - Fetching: https://www.abc.net.au/local/rss/sydney/news.xml
2025-06-27 17:08:57,986 - INFO - Fetching historical documents...
2025-06-27 17:08:57,986 - ERROR - Skipping https://www.abc.net.au/local/rss/sydney/news.xml due to 'bool' object has no attribute 'fetch_historical_documents'
2025-06-27 17:08:57,986 - DEBUG - Fetching: https://mexiconewsdaily.com/feed/
2025-06-27 17:08:57,986 - INFO - Fetching historical documents...
2025-06-27 17:08:57,986 - ERROR - Skipping https://mexiconewsdaily.com/feed/ due to 'bool' object has no attribute 'fetch_historical_documents'
2025-06-27 17:08:57,986 - DEBUG - Fetching: https://timesofindia.indiatimes.com/rssfeedstopstories.cms
2025-06-27 17:08:57,986 - INFO - Fetching historical documents...
2025-06-27 17:08:57,986 - ERROR - Skipping https://timesofindia.indiatimes.com/rssfeedstopstories.cms due to 'bool' object has no attribute 'fetch_historical_documents'
2025-06-27 17:08:57,986 - DEBUG - Fetching: https://timesofindia.indiatimes.com/rssfeeds/-2128936835.cms
2025-06-27 17:08:57,986 - INFO - Fetching historical documents...
2025-06-27 17:08:57,986 - ERROR - Skipping https://timesofindia.indiatimes.com/rssfeeds/-2128936835.cms due to 'bool' object has no attribute 'fetch_historical_documents'
2025-06-27 17:08:57,986 - DEBUG - Fetching: https://timesofindia.indiatimes.com/rssfeeds/54829575.cms
2025-06-27 17:08:57,986 - INFO - Fetching historical documents...
2025-06-27 17:08:57,986 - ERROR - Skipping https://timesofindia.indiatimes.com/rssfeeds/54829575.cms due to 'bool' object has no attribute 'fetch_historical_documents'
2025-06-27 17:08:57,986 - DEBUG - Fetching: https://www.france24.com/en/france/rss
2025-06-27 17:08:57,986 - INFO - Fetching historical documents...
2025-06-27 17:08:57,986 - ERROR - Skipping https://www.france24.com/en/france/rss due to 'bool' object has no attribute 'fetch_historical_documents'
